Performing C SOURCE FILE Test CMAKE_HAVE_LIBC_PTHREAD failed with the following output:
Change Dir: /home/konglobemeralt/Documents/gitz/Android-GSDemo-GoogleMap/GSDemo/app/.cxx/Release/4e2j3x3m/arm64-v8a/CMakeFiles/CMakeTmp

Run Build Command(s):/home/konglobemeralt/Android/Sdk/cmake/3.18.1/bin/ninja cmTC_fa5f6 && [1/2] Building C object CMakeFiles/cmTC_fa5f6.dir/src.c.o
clang: warning: -llog: 'linker' input unused [-Wunused-command-line-argument]
src.c:13:3: warning: implicit declaration of function 'pthread_cancel' is invalid in C99 [-Wimplicit-function-declaration]
  pthread_cancel(thread);
  ^
1 warning generated.
[2/2] Linking C executable cmTC_fa5f6
FAILED: cmTC_fa5f6 
: && /home/konglobemeralt/Android/Sdk/ndk/23.1.7779620/toolchains/llvm/prebuilt/linux-x86_64/bin/clang --target=aarch64-none-linux-android21 --gcc-toolchain=/home/konglobemeralt/Android/Sdk/ndk/23.1.7779620/toolchains/llvm/prebuilt/linux-x86_64 --sysroot=/home/konglobemeralt/Android/Sdk/ndk/23.1.7779620/toolchains/llvm/prebuilt/linux-x86_64/sysroot -g -DANDROID -fdata-sections -ffunction-sections -funwind-tables -fstack-protector-strong -no-canonical-prefixes -D_FORTIFY_SOURCE=2 -Wformat -Werror=format-security -llog -DCMAKE_HAVE_LIBC_PTHREAD -Wl,--build-id=sha1 -Wl,--no-rosegment -Wl,--fatal-warnings -Wl,--no-undefined -Qunused-arguments -Wl,--gc-sections CMakeFiles/cmTC_fa5f6.dir/src.c.o -o cmTC_fa5f6  -latomic -lm && :
ld: error: undefined symbol: pthread_cancel
>>> referenced by src.c:13
>>>               CMakeFiles/cmTC_fa5f6.dir/src.c.o:(main)
clang: error: linker command failed with exit code 1 (use -v to see invocation)
ninja: build stopped: subcommand failed.


Source file was:
#include <pthread.h>

void* test_func(void* data)
{
  return data;
}

int main(void)
{
  pthread_t thread;
  pthread_create(&thread, NULL, test_func, NULL);
  pthread_detach(thread);
  pthread_cancel(thread);
  pthread_join(thread, NULL);
  pthread_atfork(NULL, NULL, NULL);
  pthread_exit(NULL);

  return 0;
}

Determining if the function pthread_create exists in the pthreads failed with the following output:
Change Dir: /home/konglobemeralt/Documents/gitz/Android-GSDemo-GoogleMap/GSDemo/app/.cxx/Release/4e2j3x3m/arm64-v8a/CMakeFiles/CMakeTmp

Run Build Command(s):/home/konglobemeralt/Android/Sdk/cmake/3.18.1/bin/ninja cmTC_3179d && [1/2] Building C object CMakeFiles/cmTC_3179d.dir/CheckFunctionExists.c.o
clang: warning: -llog: 'linker' input unused [-Wunused-command-line-argument]
[2/2] Linking C executable cmTC_3179d
FAILED: cmTC_3179d 
: && /home/konglobemeralt/Android/Sdk/ndk/23.1.7779620/toolchains/llvm/prebuilt/linux-x86_64/bin/clang --target=aarch64-none-linux-android21 --gcc-toolchain=/home/konglobemeralt/Android/Sdk/ndk/23.1.7779620/toolchains/llvm/prebuilt/linux-x86_64 --sysroot=/home/konglobemeralt/Android/Sdk/ndk/23.1.7779620/toolchains/llvm/prebuilt/linux-x86_64/sysroot -g -DANDROID -fdata-sections -ffunction-sections -funwind-tables -fstack-protector-strong -no-canonical-prefixes -D_FORTIFY_SOURCE=2 -Wformat -Werror=format-security -llog -DCHECK_FUNCTION_EXISTS=pthread_create -Wl,--build-id=sha1 -Wl,--no-rosegment -Wl,--fatal-warnings -Wl,--no-undefined -Qunused-arguments -Wl,--gc-sections CMakeFiles/cmTC_3179d.dir/CheckFunctionExists.c.o -o cmTC_3179d  -lpthreads  -latomic -lm && :
ld: error: unable to find library -lpthreads
clang: error: linker command failed with exit code 1 (use -v to see invocation)
ninja: build stopped: subcommand failed.



Determining if the function pthread_create exists in the pthread failed with the following output:
Change Dir: /home/konglobemeralt/Documents/gitz/Android-GSDemo-GoogleMap/GSDemo/app/.cxx/Release/4e2j3x3m/arm64-v8a/CMakeFiles/CMakeTmp

Run Build Command(s):/home/konglobemeralt/Android/Sdk/cmake/3.18.1/bin/ninja cmTC_e9671 && [1/2] Building C object CMakeFiles/cmTC_e9671.dir/CheckFunctionExists.c.o
clang: warning: -llog: 'linker' input unused [-Wunused-command-line-argument]
[2/2] Linking C executable cmTC_e9671
FAILED: cmTC_e9671 
: && /home/konglobemeralt/Android/Sdk/ndk/23.1.7779620/toolchains/llvm/prebuilt/linux-x86_64/bin/clang --target=aarch64-none-linux-android21 --gcc-toolchain=/home/konglobemeralt/Android/Sdk/ndk/23.1.7779620/toolchains/llvm/prebuilt/linux-x86_64 --sysroot=/home/konglobemeralt/Android/Sdk/ndk/23.1.7779620/toolchains/llvm/prebuilt/linux-x86_64/sysroot -g -DANDROID -fdata-sections -ffunction-sections -funwind-tables -fstack-protector-strong -no-canonical-prefixes -D_FORTIFY_SOURCE=2 -Wformat -Werror=format-security -llog -DCHECK_FUNCTION_EXISTS=pthread_create -Wl,--build-id=sha1 -Wl,--no-rosegment -Wl,--fatal-warnings -Wl,--no-undefined -Qunused-arguments -Wl,--gc-sections CMakeFiles/cmTC_e9671.dir/CheckFunctionExists.c.o -o cmTC_e9671  -lpthread  -latomic -lm && :
ld: error: unable to find library -lpthread
clang: error: linker command failed with exit code 1 (use -v to see invocation)
ninja: build stopped: subcommand failed.



