Performing C SOURCE FILE Test CMAKE_HAVE_LIBC_PTHREAD failed with the following output:
Change Dir: /home/konglobemeralt/Documents/gitz/Android-GSDemo-GoogleMap/GSDemo/app/.cxx/Release/6l2x2k3b/armeabi-v7a/CMakeFiles/CMakeTmp

Run Build Command(s):/home/konglobemeralt/Android/Sdk/cmake/3.18.1/bin/ninja cmTC_49dba && [1/2] Building C object CMakeFiles/cmTC_49dba.dir/src.c.o
clang: warning: -llog: 'linker' input unused [-Wunused-command-line-argument]
src.c:13:3: warning: implicit declaration of function 'pthread_cancel' is invalid in C99 [-Wimplicit-function-declaration]
  pthread_cancel(thread);
  ^
1 warning generated.
[2/2] Linking C executable cmTC_49dba
FAILED: cmTC_49dba 
: && /home/konglobemeralt/Android/Sdk/ndk/23.1.7779620/toolchains/llvm/prebuilt/linux-x86_64/bin/clang --target=armv7-none-linux-androideabi19 --gcc-toolchain=/home/konglobemeralt/Android/Sdk/ndk/23.1.7779620/toolchains/llvm/prebuilt/linux-x86_64 --sysroot=/home/konglobemeralt/Android/Sdk/ndk/23.1.7779620/toolchains/llvm/prebuilt/linux-x86_64/sysroot -g -DANDROID -fdata-sections -ffunction-sections -funwind-tables -fstack-protector-strong -no-canonical-prefixes -D_FORTIFY_SOURCE=2 -march=armv7-a -mthumb -Wformat -Werror=format-security -llog -DCMAKE_HAVE_LIBC_PTHREAD -Wl,--build-id=sha1 -Wl,--no-rosegment -Wl,--fatal-warnings -Wl,--no-undefined -Qunused-arguments -Wl,--gc-sections CMakeFiles/cmTC_49dba.dir/src.c.o -o cmTC_49dba  -latomic -lm && :
ld: error: undefined symbol: pthread_cancel
>>> referenced by src.c:13
>>>               CMakeFiles/cmTC_49dba.dir/src.c.o:(main)
clang: error: linker command failed with exit code 1 (use -v to see invocation)
ninja: build stopped: subcommand failed.


Source file was:
#include <pthread.h>

void* test_func(void* data)
{
  return data;
}

int main(void)
{
  pthread_t thread;
  pthread_create(&thread, NULL, test_func, NULL);
  pthread_detach(thread);
  pthread_cancel(thread);
  pthread_join(thread, NULL);
  pthread_atfork(NULL, NULL, NULL);
  pthread_exit(NULL);

  return 0;
}

Determining if the function pthread_create exists in the pthreads failed with the following output:
Change Dir: /home/konglobemeralt/Documents/gitz/Android-GSDemo-GoogleMap/GSDemo/app/.cxx/Release/6l2x2k3b/armeabi-v7a/CMakeFiles/CMakeTmp

Run Build Command(s):/home/konglobemeralt/Android/Sdk/cmake/3.18.1/bin/ninja cmTC_52773 && [1/2] Building C object CMakeFiles/cmTC_52773.dir/CheckFunctionExists.c.o
clang: warning: -llog: 'linker' input unused [-Wunused-command-line-argument]
[2/2] Linking C executable cmTC_52773
FAILED: cmTC_52773 
: && /home/konglobemeralt/Android/Sdk/ndk/23.1.7779620/toolchains/llvm/prebuilt/linux-x86_64/bin/clang --target=armv7-none-linux-androideabi19 --gcc-toolchain=/home/konglobemeralt/Android/Sdk/ndk/23.1.7779620/toolchains/llvm/prebuilt/linux-x86_64 --sysroot=/home/konglobemeralt/Android/Sdk/ndk/23.1.7779620/toolchains/llvm/prebuilt/linux-x86_64/sysroot -g -DANDROID -fdata-sections -ffunction-sections -funwind-tables -fstack-protector-strong -no-canonical-prefixes -D_FORTIFY_SOURCE=2 -march=armv7-a -mthumb -Wformat -Werror=format-security -llog -DCHECK_FUNCTION_EXISTS=pthread_create -Wl,--build-id=sha1 -Wl,--no-rosegment -Wl,--fatal-warnings -Wl,--no-undefined -Qunused-arguments -Wl,--gc-sections CMakeFiles/cmTC_52773.dir/CheckFunctionExists.c.o -o cmTC_52773  -lpthreads  -latomic -lm && :
ld: error: unable to find library -lpthreads
clang: error: linker command failed with exit code 1 (use -v to see invocation)
ninja: build stopped: subcommand failed.



Determining if the function pthread_create exists in the pthread failed with the following output:
Change Dir: /home/konglobemeralt/Documents/gitz/Android-GSDemo-GoogleMap/GSDemo/app/.cxx/Release/6l2x2k3b/armeabi-v7a/CMakeFiles/CMakeTmp

Run Build Command(s):/home/konglobemeralt/Android/Sdk/cmake/3.18.1/bin/ninja cmTC_ba233 && [1/2] Building C object CMakeFiles/cmTC_ba233.dir/CheckFunctionExists.c.o
clang: warning: -llog: 'linker' input unused [-Wunused-command-line-argument]
[2/2] Linking C executable cmTC_ba233
FAILED: cmTC_ba233 
: && /home/konglobemeralt/Android/Sdk/ndk/23.1.7779620/toolchains/llvm/prebuilt/linux-x86_64/bin/clang --target=armv7-none-linux-androideabi19 --gcc-toolchain=/home/konglobemeralt/Android/Sdk/ndk/23.1.7779620/toolchains/llvm/prebuilt/linux-x86_64 --sysroot=/home/konglobemeralt/Android/Sdk/ndk/23.1.7779620/toolchains/llvm/prebuilt/linux-x86_64/sysroot -g -DANDROID -fdata-sections -ffunction-sections -funwind-tables -fstack-protector-strong -no-canonical-prefixes -D_FORTIFY_SOURCE=2 -march=armv7-a -mthumb -Wformat -Werror=format-security -llog -DCHECK_FUNCTION_EXISTS=pthread_create -Wl,--build-id=sha1 -Wl,--no-rosegment -Wl,--fatal-warnings -Wl,--no-undefined -Qunused-arguments -Wl,--gc-sections CMakeFiles/cmTC_ba233.dir/CheckFunctionExists.c.o -o cmTC_ba233  -lpthread  -latomic -lm && :
ld: error: unable to find library -lpthread
clang: error: linker command failed with exit code 1 (use -v to see invocation)
ninja: build stopped: subcommand failed.



