Performing C SOURCE FILE Test CMAKE_HAVE_LIBC_PTHREAD failed with the following output:
Change Dir: /home/jesper/Documents/gitz/Android-GSDemo-GoogleMap/GSDemo/app/.cxx/Release/37506o52/arm64-v8a/CMakeFiles/CMakeScratch/TryCompile-Y4ltaD

Run Build Command(s):/usr/bin/ninja cmTC_de5d9 && [1/2] Building C object CMakeFiles/cmTC_de5d9.dir/src.c.o
/home/jesper/Documents/gitz/Android-GSDemo-GoogleMap/GSDemo/app/.cxx/Release/37506o52/arm64-v8a/CMakeFiles/CMakeScratch/TryCompile-Y4ltaD/src.c:13:3: warning: implicit declaration of function 'pthread_cancel' is invalid in C99 [-Wimplicit-function-declaration]
  pthread_cancel(thread);
  ^
1 warning generated.
[2/2] Linking C executable cmTC_de5d9
FAILED: cmTC_de5d9 
: && /home/jesper/Android/Sdk/ndk/23.1.7779620/toolchains/llvm/prebuilt/linux-x86_64/bin/clang --target=aarch64-none-linux-android21 --sysroot=/home/jesper/Android/Sdk/ndk/23.1.7779620/toolchains/llvm/prebuilt/linux-x86_64/sysroot -DANDROID -fdata-sections -ffunction-sections -funwind-tables -fstack-protector-strong -no-canonical-prefixes -D_FORTIFY_SOURCE=2 -Wformat -Werror=format-security -fexceptions  -O2 -g -DNDEBUG -Wl,--build-id=sha1 -Wl,--no-rosegment -Wl,--fatal-warnings -Qunused-arguments -Wl,--no-undefined  -Wl,--gc-sections CMakeFiles/cmTC_de5d9.dir/src.c.o -o cmTC_de5d9  -latomic -lm && :
ld: error: undefined symbol: pthread_cancel
>>> referenced by src.c:13
>>>               CMakeFiles/cmTC_de5d9.dir/src.c.o:(main)
clang: error: linker command failed with exit code 1 (use -v to see invocation)
ninja: build stopped: subcommand failed.


Source file was:
#include <pthread.h>

static void* test_func(void* data)
{
  return data;
}

int main(void)
{
  pthread_t thread;
  pthread_create(&thread, NULL, test_func, NULL);
  pthread_detach(thread);
  pthread_cancel(thread);
  pthread_join(thread, NULL);
  pthread_atfork(NULL, NULL, NULL);
  pthread_exit(NULL);

  return 0;
}


Determining if the function pthread_create exists in the pthreads failed with the following output:
Change Dir: /home/jesper/Documents/gitz/Android-GSDemo-GoogleMap/GSDemo/app/.cxx/Release/37506o52/arm64-v8a/CMakeFiles/CMakeScratch/TryCompile-P1OnDF

Run Build Command(s):/usr/bin/ninja cmTC_cd060 && [1/2] Building C object CMakeFiles/cmTC_cd060.dir/CheckFunctionExists.c.o
[2/2] Linking C executable cmTC_cd060
FAILED: cmTC_cd060 
: && /home/jesper/Android/Sdk/ndk/23.1.7779620/toolchains/llvm/prebuilt/linux-x86_64/bin/clang --target=aarch64-none-linux-android21 --sysroot=/home/jesper/Android/Sdk/ndk/23.1.7779620/toolchains/llvm/prebuilt/linux-x86_64/sysroot -DANDROID -fdata-sections -ffunction-sections -funwind-tables -fstack-protector-strong -no-canonical-prefixes -D_FORTIFY_SOURCE=2 -Wformat -Werror=format-security -fexceptions -DCHECK_FUNCTION_EXISTS=pthread_create -O2 -g -DNDEBUG -Wl,--build-id=sha1 -Wl,--no-rosegment -Wl,--fatal-warnings -Qunused-arguments -Wl,--no-undefined  -Wl,--gc-sections CMakeFiles/cmTC_cd060.dir/CheckFunctionExists.c.o -o cmTC_cd060  -lpthreads   -latomic -lm && :
ld: error: unable to find library -lpthreads
clang: error: linker command failed with exit code 1 (use -v to see invocation)
ninja: build stopped: subcommand failed.



Determining if the function pthread_create exists in the pthread failed with the following output:
Change Dir: /home/jesper/Documents/gitz/Android-GSDemo-GoogleMap/GSDemo/app/.cxx/Release/37506o52/arm64-v8a/CMakeFiles/CMakeScratch/TryCompile-KTvj5C

Run Build Command(s):/usr/bin/ninja cmTC_8b68f && [1/2] Building C object CMakeFiles/cmTC_8b68f.dir/CheckFunctionExists.c.o
[2/2] Linking C executable cmTC_8b68f
FAILED: cmTC_8b68f 
: && /home/jesper/Android/Sdk/ndk/23.1.7779620/toolchains/llvm/prebuilt/linux-x86_64/bin/clang --target=aarch64-none-linux-android21 --sysroot=/home/jesper/Android/Sdk/ndk/23.1.7779620/toolchains/llvm/prebuilt/linux-x86_64/sysroot -DANDROID -fdata-sections -ffunction-sections -funwind-tables -fstack-protector-strong -no-canonical-prefixes -D_FORTIFY_SOURCE=2 -Wformat -Werror=format-security -fexceptions -DCHECK_FUNCTION_EXISTS=pthread_create -O2 -g -DNDEBUG -Wl,--build-id=sha1 -Wl,--no-rosegment -Wl,--fatal-warnings -Qunused-arguments -Wl,--no-undefined  -Wl,--gc-sections CMakeFiles/cmTC_8b68f.dir/CheckFunctionExists.c.o -o cmTC_8b68f  -lpthread   -latomic -lm && :
ld: error: unable to find library -lpthread
clang: error: linker command failed with exit code 1 (use -v to see invocation)
ninja: build stopped: subcommand failed.



