Performing C SOURCE FILE Test CMAKE_HAVE_LIBC_PTHREAD failed with the following output:
Change Dir: /home/jesper/Documents/gitz/Android-GSDemo-GoogleMap/GSDemo/app/.cxx/Debug/581w5s3u/armeabi-v7a/CMakeFiles/CMakeScratch/TryCompile-LZhk0g

Run Build Command(s):/usr/bin/ninja cmTC_2ce5f && [1/2] Building C object CMakeFiles/cmTC_2ce5f.dir/src.c.o
/home/jesper/Documents/gitz/Android-GSDemo-GoogleMap/GSDemo/app/.cxx/Debug/581w5s3u/armeabi-v7a/CMakeFiles/CMakeScratch/TryCompile-LZhk0g/src.c:13:3: warning: implicit declaration of function 'pthread_cancel' is invalid in C99 [-Wimplicit-function-declaration]
  pthread_cancel(thread);
  ^
1 warning generated.
[2/2] Linking C executable cmTC_2ce5f
FAILED: cmTC_2ce5f 
: && /home/jesper/Android/Sdk/ndk/23.1.7779620/toolchains/llvm/prebuilt/linux-x86_64/bin/clang --target=armv7-none-linux-androideabi19 --sysroot=/home/jesper/Android/Sdk/ndk/23.1.7779620/toolchains/llvm/prebuilt/linux-x86_64/sysroot -DANDROID -fdata-sections -ffunction-sections -funwind-tables -fstack-protector-strong -no-canonical-prefixes -D_FORTIFY_SOURCE=2 -march=armv7-a -mthumb -Wformat -Werror=format-security -fexceptions  -O2 -g -DNDEBUG -Wl,--build-id=sha1 -Wl,--no-rosegment -Wl,--fatal-warnings -Qunused-arguments -Wl,--no-undefined  -Wl,--gc-sections CMakeFiles/cmTC_2ce5f.dir/src.c.o -o cmTC_2ce5f  -latomic -lm && :
ld: error: undefined symbol: pthread_cancel
>>> referenced by src.c:13
>>>               CMakeFiles/cmTC_2ce5f.dir/src.c.o:(main)
clang: error: linker command failed with exit code 1 (use -v to see invocation)
ninja: build stopped: subcommand failed.


Source file was:
#include <pthread.h>

static void* test_func(void* data)
{
  return data;
}

int main(void)
{
  pthread_t thread;
  pthread_create(&thread, NULL, test_func, NULL);
  pthread_detach(thread);
  pthread_cancel(thread);
  pthread_join(thread, NULL);
  pthread_atfork(NULL, NULL, NULL);
  pthread_exit(NULL);

  return 0;
}


Determining if the function pthread_create exists in the pthreads failed with the following output:
Change Dir: /home/jesper/Documents/gitz/Android-GSDemo-GoogleMap/GSDemo/app/.cxx/Debug/581w5s3u/armeabi-v7a/CMakeFiles/CMakeScratch/TryCompile-h4HPSh

Run Build Command(s):/usr/bin/ninja cmTC_bc26d && [1/2] Building C object CMakeFiles/cmTC_bc26d.dir/CheckFunctionExists.c.o
[2/2] Linking C executable cmTC_bc26d
FAILED: cmTC_bc26d 
: && /home/jesper/Android/Sdk/ndk/23.1.7779620/toolchains/llvm/prebuilt/linux-x86_64/bin/clang --target=armv7-none-linux-androideabi19 --sysroot=/home/jesper/Android/Sdk/ndk/23.1.7779620/toolchains/llvm/prebuilt/linux-x86_64/sysroot -DANDROID -fdata-sections -ffunction-sections -funwind-tables -fstack-protector-strong -no-canonical-prefixes -D_FORTIFY_SOURCE=2 -march=armv7-a -mthumb -Wformat -Werror=format-security -fexceptions -DCHECK_FUNCTION_EXISTS=pthread_create -O2 -g -DNDEBUG -Wl,--build-id=sha1 -Wl,--no-rosegment -Wl,--fatal-warnings -Qunused-arguments -Wl,--no-undefined  -Wl,--gc-sections CMakeFiles/cmTC_bc26d.dir/CheckFunctionExists.c.o -o cmTC_bc26d  -lpthreads   -latomic -lm && :
ld: error: unable to find library -lpthreads
clang: error: linker command failed with exit code 1 (use -v to see invocation)
ninja: build stopped: subcommand failed.



Determining if the function pthread_create exists in the pthread failed with the following output:
Change Dir: /home/jesper/Documents/gitz/Android-GSDemo-GoogleMap/GSDemo/app/.cxx/Debug/581w5s3u/armeabi-v7a/CMakeFiles/CMakeScratch/TryCompile-XkQAGe

Run Build Command(s):/usr/bin/ninja cmTC_72cfb && [1/2] Building C object CMakeFiles/cmTC_72cfb.dir/CheckFunctionExists.c.o
[2/2] Linking C executable cmTC_72cfb
FAILED: cmTC_72cfb 
: && /home/jesper/Android/Sdk/ndk/23.1.7779620/toolchains/llvm/prebuilt/linux-x86_64/bin/clang --target=armv7-none-linux-androideabi19 --sysroot=/home/jesper/Android/Sdk/ndk/23.1.7779620/toolchains/llvm/prebuilt/linux-x86_64/sysroot -DANDROID -fdata-sections -ffunction-sections -funwind-tables -fstack-protector-strong -no-canonical-prefixes -D_FORTIFY_SOURCE=2 -march=armv7-a -mthumb -Wformat -Werror=format-security -fexceptions -DCHECK_FUNCTION_EXISTS=pthread_create -O2 -g -DNDEBUG -Wl,--build-id=sha1 -Wl,--no-rosegment -Wl,--fatal-warnings -Qunused-arguments -Wl,--no-undefined  -Wl,--gc-sections CMakeFiles/cmTC_72cfb.dir/CheckFunctionExists.c.o -o cmTC_72cfb  -lpthread   -latomic -lm && :
ld: error: unable to find library -lpthread
clang: error: linker command failed with exit code 1 (use -v to see invocation)
ninja: build stopped: subcommand failed.



